2022-12-19 05:41:07,875 CRIT Supervisor is running as root.  Privileges were not dropped because no user is specified in the config file.  If you intend to run as root, you can set user=root in the config file to avoid this message.
2022-12-19 05:41:07,875 INFO Included extra file "/etc/supervisor/conf.d/supervisord.conf" during parsing
2022-12-19 05:41:07,879 INFO RPC interface 'supervisor' initialized
2022-12-19 05:41:07,879 CRIT Server 'unix_http_server' running without any HTTP authentication checking
2022-12-19 05:41:07,879 INFO supervisord started with pid 1
2022-12-19 05:41:08,883 INFO spawned: 'sshd' with pid 9
2022-12-19 05:41:08,888 INFO spawned: 'cassandra' with pid 10
2022-12-19 05:41:08,939 INFO exited: cassandra (exit status 1; not expected)
2022-12-19 05:41:09,941 INFO success: sshd entered RUNNING state, process has stayed up for > than 1 seconds (startsecs)
2022-12-19 05:41:09,944 INFO spawned: 'cassandra' with pid 20
2022-12-19 05:41:09,979 INFO exited: cassandra (exit status 1; not expected)
2022-12-19 05:41:11,985 INFO spawned: 'cassandra' with pid 27
2022-12-19 05:41:12,020 INFO exited: cassandra (exit status 1; not expected)
2022-12-19 05:41:15,028 INFO spawned: 'cassandra' with pid 34
2022-12-19 05:41:15,062 INFO exited: cassandra (exit status 1; not expected)
2022-12-19 05:41:16,064 INFO gave up: cassandra entered FATAL state, too many start retries too quickly
2022-12-19 05:43:53,486 CRIT Supervisor is running as root.  Privileges were not dropped because no user is specified in the config file.  If you intend to run as root, you can set user=root in the config file to avoid this message.
2022-12-19 05:43:53,487 INFO Included extra file "/etc/supervisor/conf.d/supervisord.conf" during parsing
2022-12-19 05:43:53,490 INFO RPC interface 'supervisor' initialized
2022-12-19 05:43:53,490 CRIT Server 'unix_http_server' running without any HTTP authentication checking
2022-12-19 05:43:53,490 INFO supervisord started with pid 1
2022-12-19 05:43:54,494 INFO spawned: 'sshd' with pid 8
2022-12-19 05:43:54,499 INFO spawned: 'cassandra' with pid 9
2022-12-19 05:43:56,179 INFO success: sshd entered RUNNING state, process has stayed up for > than 1 seconds (startsecs)
2022-12-19 05:43:56,179 INFO success: cassandra entered RUNNING state, process has stayed up for > than 1 seconds (startsecs)
