java.lang.RuntimeException: Bootstrap Token collision between /192.168.47.3:7000 and /192.168.47.4:7000 (token 1364799760013110198
	at org.apache.cassandra.locator.TokenMetadata.addBootstrapTokens(TokenMetadata.java:355)
	at org.apache.cassandra.locator.TokenMetadata.addBootstrapTokens(TokenMetadata.java:337)
	at org.apache.cassandra.service.StorageService.handleStateBootstrap(StorageService.java:2638)
	at org.apache.cassandra.service.StorageService.onChange(StorageService.java:2335)
	at org.apache.cassandra.gms.Gossiper.doOnChangeNotifications(Gossiper.java:1593)
	at org.apache.cassandra.gms.Gossiper.addLocalApplicationStateInternal(Gossiper.java:1993)
	at org.apache.cassandra.gms.Gossiper.addLocalApplicationStates(Gossiper.java:2008)
	at org.apache.cassandra.service.StorageService.bootstrap(StorageService.java:1755)
	at org.apache.cassandra.service.StorageService.joinTokenRing(StorageService.java:1058)
	at org.apache.cassandra.service.StorageService.joinTokenRing(StorageService.java:1019)
	at org.apache.cassandra.service.StorageService.initServer(StorageService.java:801)
	at org.apache.cassandra.service.StorageService.initServer(StorageService.java:731)
	at org.apache.cassandra.service.CassandraDaemon.setup(CassandraDaemon.java:420)
	at org.apache.cassandra.service.CassandraDaemon.activate(CassandraDaemon.java:765)
	at org.apache.cassandra.service.CassandraDaemon.main(CassandraDaemon.java:889)
java.lang.RuntimeException: A node with address /192.168.47.4:7000 already exists, cancelling join. Use cassandra.replace_address if you want to replace this node.
	at org.apache.cassandra.service.StorageService.checkForEndpointCollision(StorageService.java:661)
	at org.apache.cassandra.service.StorageService.prepareToJoin(StorageService.java:936)
	at org.apache.cassandra.service.StorageService.initServer(StorageService.java:786)
	at org.apache.cassandra.service.StorageService.initServer(StorageService.java:731)
	at org.apache.cassandra.service.CassandraDaemon.setup(CassandraDaemon.java:420)
	at org.apache.cassandra.service.CassandraDaemon.activate(CassandraDaemon.java:765)
	at org.apache.cassandra.service.CassandraDaemon.main(CassandraDaemon.java:889)
java.lang.RuntimeException: A node with address /192.168.47.4:7000 already exists, cancelling join. Use cassandra.replace_address if you want to replace this node.
	at org.apache.cassandra.service.StorageService.checkForEndpointCollision(StorageService.java:661)
	at org.apache.cassandra.service.StorageService.prepareToJoin(StorageService.java:936)
	at org.apache.cassandra.service.StorageService.initServer(StorageService.java:786)
	at org.apache.cassandra.service.StorageService.initServer(StorageService.java:731)
	at org.apache.cassandra.service.CassandraDaemon.setup(CassandraDaemon.java:420)
	at org.apache.cassandra.service.CassandraDaemon.activate(CassandraDaemon.java:765)
	at org.apache.cassandra.service.CassandraDaemon.main(CassandraDaemon.java:889)
