2022-12-19 05:41:08,316 CRIT Supervisor is running as root.  Privileges were not dropped because no user is specified in the config file.  If you intend to run as root, you can set user=root in the config file to avoid this message.
2022-12-19 05:41:08,316 INFO Included extra file "/etc/supervisor/conf.d/supervisord.conf" during parsing
2022-12-19 05:41:08,319 INFO RPC interface 'supervisor' initialized
2022-12-19 05:41:08,319 CRIT Server 'unix_http_server' running without any HTTP authentication checking
2022-12-19 05:41:08,319 INFO supervisord started with pid 1
2022-12-19 05:41:09,323 INFO spawned: 'sshd' with pid 8
2022-12-19 05:41:09,328 INFO spawned: 'cassandra' with pid 9
2022-12-19 05:41:09,380 INFO exited: cassandra (exit status 1; not expected)
2022-12-19 05:41:10,382 INFO success: sshd entered RUNNING state, process has stayed up for > than 1 seconds (startsecs)
2022-12-19 05:41:10,386 INFO spawned: 'cassandra' with pid 19
2022-12-19 05:41:10,422 INFO exited: cassandra (exit status 1; not expected)
2022-12-19 05:41:12,428 INFO spawned: 'cassandra' with pid 26
2022-12-19 05:41:12,464 INFO exited: cassandra (exit status 1; not expected)
2022-12-19 05:41:15,471 INFO spawned: 'cassandra' with pid 33
2022-12-19 05:41:15,505 INFO exited: cassandra (exit status 1; not expected)
2022-12-19 05:41:16,507 INFO gave up: cassandra entered FATAL state, too many start retries too quickly
2022-12-19 05:43:53,497 CRIT Supervisor is running as root.  Privileges were not dropped because no user is specified in the config file.  If you intend to run as root, you can set user=root in the config file to avoid this message.
2022-12-19 05:43:53,497 INFO Included extra file "/etc/supervisor/conf.d/supervisord.conf" during parsing
2022-12-19 05:43:53,501 INFO RPC interface 'supervisor' initialized
2022-12-19 05:43:53,501 CRIT Server 'unix_http_server' running without any HTTP authentication checking
2022-12-19 05:43:53,501 INFO supervisord started with pid 1
2022-12-19 05:43:54,505 INFO spawned: 'sshd' with pid 8
2022-12-19 05:43:54,510 INFO spawned: 'cassandra' with pid 9
2022-12-19 05:43:56,104 INFO success: sshd entered RUNNING state, process has stayed up for > than 1 seconds (startsecs)
2022-12-19 05:43:56,104 INFO success: cassandra entered RUNNING state, process has stayed up for > than 1 seconds (startsecs)
2022-12-19 05:45:34,510 INFO exited: cassandra (exit status 3; not expected)
2022-12-19 05:45:35,516 INFO spawned: 'cassandra' with pid 430
2022-12-19 05:45:36,912 INFO success: cassandra entered RUNNING state, process has stayed up for > than 1 seconds (startsecs)
2022-12-19 05:45:48,887 INFO exited: cassandra (exit status 3; not expected)
2022-12-19 05:45:49,893 INFO spawned: 'cassandra' with pid 752
2022-12-19 05:45:51,333 INFO success: cassandra entered RUNNING state, process has stayed up for > than 1 seconds (startsecs)
2022-12-19 05:46:03,484 INFO exited: cassandra (exit status 3; not expected)
2022-12-19 05:46:04,490 INFO spawned: 'cassandra' with pid 1086
2022-12-19 05:46:05,889 INFO success: cassandra entered RUNNING state, process has stayed up for > than 1 seconds (startsecs)
